Flow report for reconfig_multi
Mon Sep 21 17:01:11 2020
Quartus Prime Version 18.1.0 Build 625 09/12/2018 SJ Lite Edition


---------------------
; Table of Contents ;
---------------------
  1. Legal Notice
  2. Flow Summary
  3. Flow Settings
  4. Flow Non-Default Global Settings
  5. Flow Elapsed Time
  6. Flow OS Summary
  7. Flow Log
  8. Flow Messages
  9. Flow Suppressed Messages



----------------
; Legal Notice ;
----------------
Copyright (C) 2018  Intel Corporation. All rights reserved.
Your use of Intel Corporation's design tools, logic functions 
and other software and tools, and its AMPP partner logic 
functions, and any output files from any of the foregoing 
(including device programming or simulation files), and any 
associated documentation or information are expressly subject 
to the terms and conditions of the Intel Program License 
Subscription Agreement, the Intel Quartus Prime License Agreement,
the Intel FPGA IP License Agreement, or other applicable license
agreement, including, without limitation, that your use is for
the sole purpose of programming logic devices manufactured by
Intel and sold by Intel or its authorized distributors.  Please
refer to the applicable agreement for further details.



+-------------------------------------------------------------------------------+
; Flow Summary                                                                  ;
+---------------------------------+---------------------------------------------+
; Flow Status                     ; Successful - Mon Sep 21 17:01:11 2020       ;
; Quartus Prime Version           ; 18.1.0 Build 625 09/12/2018 SJ Lite Edition ;
; Revision Name                   ; reconfig_multi                              ;
; Top-level Entity Name           ; reconfig_multi                              ;
; Family                          ; Cyclone V                                   ;
; Device                          ; 5CGXFC7C7F23C8                              ;
; Timing Models                   ; Final                                       ;
; Logic utilization (in ALMs)     ; 49 / 56,480 ( < 1 % )                       ;
; Total registers                 ; 0                                           ;
; Total pins                      ; 65 / 268 ( 24 % )                           ;
; Total virtual pins              ; 0                                           ;
; Total block memory bits         ; 0 / 7,024,640 ( 0 % )                       ;
; Total DSP Blocks                ; 0 / 156 ( 0 % )                             ;
; Total HSSI RX PCSs              ; 0 / 6 ( 0 % )                               ;
; Total HSSI PMA RX Deserializers ; 0 / 6 ( 0 % )                               ;
; Total HSSI TX PCSs              ; 0 / 6 ( 0 % )                               ;
; Total HSSI PMA TX Serializers   ; 0 / 6 ( 0 % )                               ;
; Total PLLs                      ; 0 / 13 ( 0 % )                              ;
; Total DLLs                      ; 0 / 4 ( 0 % )                               ;
+---------------------------------+---------------------------------------------+


+-----------------------------------------+
; Flow Settings                           ;
+-------------------+---------------------+
; Option            ; Setting             ;
+-------------------+---------------------+
; Start date & time ; 09/21/2020 16:57:01 ;
; Main task         ; Compilation         ;
; Revision Name     ; reconfig_multi      ;
+-------------------+---------------------+


+-----------------------------------------------------------------------------------------------------------------------------+
; Flow Non-Default Global Settings                                                                                            ;
+-------------------------------------+----------------------------------------+---------------+-------------+----------------+
; Assignment Name                     ; Value                                  ; Default Value ; Entity Name ; Section Id     ;
+-------------------------------------+----------------------------------------+---------------+-------------+----------------+
; COMPILER_SIGNATURE_ID               ; 1095533200814.160067862004904          ; --            ; --          ; --             ;
; EDA_OUTPUT_DATA_FORMAT              ; Verilog Hdl                            ; --            ; --          ; eda_simulation ;
; EDA_SIMULATION_TOOL                 ; ModelSim-Altera (Verilog)              ; <None>        ; --          ; --             ;
; EDA_TIME_SCALE                      ; 1 ps                                   ; --            ; --          ; eda_simulation ;
; MAX_CORE_JUNCTION_TEMP              ; 85                                     ; --            ; --          ; --             ;
; MIN_CORE_JUNCTION_TEMP              ; 0                                      ; --            ; --          ; --             ;
; PARTITION_COLOR                     ; -- (Not supported for targeted family) ; --            ; --          ; Top            ;
; PARTITION_FITTER_PRESERVATION_LEVEL ; -- (Not supported for targeted family) ; --            ; --          ; Top            ;
; PARTITION_NETLIST_TYPE              ; -- (Not supported for targeted family) ; --            ; --          ; Top            ;
; PROJECT_OUTPUT_DIRECTORY            ; output_files                           ; --            ; --          ; --             ;
+-------------------------------------+----------------------------------------+---------------+-------------+----------------+


+--------------------------------------------------------------------------------------------------------------------------+
; Flow Elapsed Time                                                                                                        ;
+----------------------+--------------+-------------------------+---------------------+------------------------------------+
; Module Name          ; Elapsed Time ; Average Processors Used ; Peak Virtual Memory ; Total CPU Time (on all processors) ;
+----------------------+--------------+-------------------------+---------------------+------------------------------------+
; Analysis & Synthesis ; 00:00:35     ; 1.0                     ; 652 MB              ; 00:01:24                           ;
; Fitter               ; 00:02:20     ; 1.0                     ; 2118 MB             ; 00:03:21                           ;
; Assembler            ; 00:00:35     ; 1.0                     ; 694 MB              ; 00:00:35                           ;
; Timing Analyzer      ; 00:00:25     ; 1.1                     ; 966 MB              ; 00:00:25                           ;
; EDA Netlist Writer   ; 00:00:05     ; 1.0                     ; 603 MB              ; 00:00:05                           ;
; Total                ; 00:04:00     ; --                      ; --                  ; 00:05:50                           ;
+----------------------+--------------+-------------------------+---------------------+------------------------------------+


+-------------------------------------------------------------------------------------+
; Flow OS Summary                                                                     ;
+----------------------+------------------+-------------+------------+----------------+
; Module Name          ; Machine Hostname ; OS Name     ; OS Version ; Processor type ;
+----------------------+------------------+-------------+------------+----------------+
; Analysis & Synthesis ; csz              ; Windows 8.1 ; 6.3        ; x86_64         ;
; Fitter               ; csz              ; Windows 8.1 ; 6.3        ; x86_64         ;
; Assembler            ; csz              ; Windows 8.1 ; 6.3        ; x86_64         ;
; Timing Analyzer      ; csz              ; Windows 8.1 ; 6.3        ; x86_64         ;
; EDA Netlist Writer   ; csz              ; Windows 8.1 ; 6.3        ; x86_64         ;
+----------------------+------------------+-------------+------------+----------------+


------------
; Flow Log ;
------------
quartus_map --read_settings_files=on --write_settings_files=off reconfig_multi -c reconfig_multi
quartus_fit --read_settings_files=off --write_settings_files=off reconfig_multi -c reconfig_multi
quartus_asm --read_settings_files=off --write_settings_files=off reconfig_multi -c reconfig_multi
quartus_sta reconfig_multi -c reconfig_multi
quartus_eda --read_settings_files=off --write_settings_files=off reconfig_multi -c reconfig_multi



